0 info it worked if it ends with ok
1 verbose cli [ 'node', '/usr/local/bin/npm', 'install', 'bl' ]
2 info using npm@1.4.28
3 info using node@v0.10.33
4 verbose cache add [ 'bl', null ]
5 verbose cache add name=undefined spec="bl" args=["bl",null]
6 verbose parsed url { protocol: null,
6 verbose parsed url   slashes: null,
6 verbose parsed url   auth: null,
6 verbose parsed url   host: null,
6 verbose parsed url   port: null,
6 verbose parsed url   hostname: null,
6 verbose parsed url   hash: null,
6 verbose parsed url   search: null,
6 verbose parsed url   query: null,
6 verbose parsed url   pathname: 'bl',
6 verbose parsed url   path: 'bl',
6 verbose parsed url   href: 'bl' }
7 silly lockFile f55fb781-bl bl
8 verbose lock bl /Users/arielisaacs/.npm/f55fb781-bl.lock
9 silly lockFile f55fb781-bl bl
10 silly lockFile f55fb781-bl bl
11 verbose addNamed [ 'bl', '' ]
12 verbose addNamed [ null, '*' ]
13 silly lockFile f83e65ee-bl bl@
14 verbose lock bl@ /Users/arielisaacs/.npm/f83e65ee-bl.lock
15 silly addNameRange { name: 'bl', range: '*', hasData: false }
16 verbose request where is /bl
17 verbose request registry https://registry.npmjs.org/
18 verbose request id f6784c5bd0ed23d0
19 verbose url raw /bl
20 verbose url resolving [ 'https://registry.npmjs.org/', './bl' ]
21 verbose url resolved https://registry.npmjs.org/bl
22 verbose request where is https://registry.npmjs.org/bl
23 info trying registry request attempt 1 at 14:25:18
24 verbose etag "41TC3DLTU8Q9D1QH05I5X20DY"
25 http GET https://registry.npmjs.org/bl
26 http 200 https://registry.npmjs.org/bl
27 silly registry.get cb [ 200,
27 silly registry.get   { date: 'Mon, 05 Jan 2015 22:25:21 GMT',
27 silly registry.get     server: 'CouchDB/1.5.0 (Erlang OTP/R16B03)',
27 silly registry.get     etag: '"A1B2KH37H5GO3LOPMGAIH0THR"',
27 silly registry.get     'content-type': 'application/json',
27 silly registry.get     'cache-control': 'max-age=60',
27 silly registry.get     'content-length': '31103',
27 silly registry.get     'accept-ranges': 'bytes',
27 silly registry.get     via: '1.1 varnish',
27 silly registry.get     age: '25',
27 silly registry.get     'x-served-by': 'cache-lax1421-LAX',
27 silly registry.get     'x-cache': 'HIT',
27 silly registry.get     'x-cache-hits': '5',
27 silly registry.get     'x-timer': 'S1420496721.239736,VS0,VE0',
27 silly registry.get     vary: 'Accept',
27 silly registry.get     'keep-alive': 'timeout=10, max=50',
27 silly registry.get     connection: 'Keep-Alive' } ]
28 silly addNameRange number 2 { name: 'bl', range: '*', hasData: true }
29 silly addNameRange versions [ 'bl',
29 silly addNameRange   [ '0.0.0',
29 silly addNameRange     '0.1.0',
29 silly addNameRange     '0.1.1',
29 silly addNameRange     '0.2.0',
29 silly addNameRange     '0.3.0',
29 silly addNameRange     '0.4.0',
29 silly addNameRange     '0.4.1',
29 silly addNameRange     '0.4.2',
29 silly addNameRange     '0.5.0',
29 silly addNameRange     '0.6.0',
29 silly addNameRange     '0.7.0',
29 silly addNameRange     '0.8.0',
29 silly addNameRange     '0.8.1',
29 silly addNameRange     '0.8.2',
29 silly addNameRange     '0.9.0',
29 silly addNameRange     '0.9.1',
29 silly addNameRange     '0.9.2',
29 silly addNameRange     '0.9.3' ] ]
30 verbose addNamed [ 'bl', '0.9.3' ]
31 verbose addNamed [ '0.9.3', '0.9.3' ]
32 silly lockFile eff7bced-bl-0-9-3 bl@0.9.3
33 verbose lock bl@0.9.3 /Users/arielisaacs/.npm/eff7bced-bl-0-9-3.lock
34 silly lockFile 95e20b5f-gistry-npmjs-org-bl-bl-0-9-3-tgz https://registry.npmjs.org/bl/-/bl-0.9.3.tgz
35 verbose lock https://registry.npmjs.org/bl/-/bl-0.9.3.tgz /Users/arielisaacs/.npm/95e20b5f-gistry-npmjs-org-bl-bl-0-9-3-tgz.lock
36 verbose addRemoteTarball [ 'https://registry.npmjs.org/bl/-/bl-0.9.3.tgz',
36 verbose addRemoteTarball   'c41eff3e7cb31bde107c8f10076d274eff7f7d44' ]
37 info retry fetch attempt 1 at 14:25:21
38 verbose fetch to= /var/folders/dt/_j3rqjg91f79h39vz59lfzk00000gn/T/npm-5025-XWcGMjE4/registry.npmjs.org/bl/-/bl-0.9.3.tgz
39 http GET https://registry.npmjs.org/bl/-/bl-0.9.3.tgz
40 http 200 https://registry.npmjs.org/bl/-/bl-0.9.3.tgz
41 silly lockFile 95e20b5f-gistry-npmjs-org-bl-bl-0-9-3-tgz https://registry.npmjs.org/bl/-/bl-0.9.3.tgz
42 silly lockFile 95e20b5f-gistry-npmjs-org-bl-bl-0-9-3-tgz https://registry.npmjs.org/bl/-/bl-0.9.3.tgz
43 silly lockFile eff7bced-bl-0-9-3 bl@0.9.3
44 silly lockFile eff7bced-bl-0-9-3 bl@0.9.3
45 silly lockFile f83e65ee-bl bl@
46 silly lockFile f83e65ee-bl bl@
47 error Error: EACCES, mkdir '/Users/arielisaacs/.npm/bl/0.9.3'
47 error  { [Error: EACCES, mkdir '/Users/arielisaacs/.npm/bl/0.9.3']
47 error   errno: 3,
47 error   code: 'EACCES',
47 error   path: '/Users/arielisaacs/.npm/bl/0.9.3' }
48 error Please try running this command again as root/Administrator.
49 error System Darwin 14.0.0
50 error command "node" "/usr/local/bin/npm" "install" "bl"
51 error cwd /Users/arielisaacs/Projects/nodeschool
52 error node -v v0.10.33
53 error npm -v 1.4.28
54 error path /Users/arielisaacs/.npm/bl/0.9.3
55 error code EACCES
56 error errno 3
57 error stack Error: EACCES, mkdir '/Users/arielisaacs/.npm/bl/0.9.3'
58 verbose exit [ 3, true ]
